CRITICAL - 2023-07-21 17:32:47 --> Invalid file: "unidades.php"
in SYSTEMPATH\Exceptions\FrameworkException.php on line 33.
 1 SYSTEMPATH\View\View.php(212): CodeIgniter\Exceptions\FrameworkException::forInvalidFile('unidades.php')
 2 SYSTEMPATH\Common.php(1180): CodeIgniter\View\View->render('unidades', [], true)
 3 APPPATH\Controllers\Unidades.php(18): view('unidades', [...])
 4 SYSTEMPATH\CodeIgniter.php(932): App\Controllers\Unidades->index()
 5 SYSTEMPATH\CodeIgniter.php(497): CodeIgniter\CodeIgniter->runController(Object(App\Controllers\Unidades))
 6 SYSTEMPATH\CodeIgniter.php(366): CodeIgniter\CodeIgniter->handleRequest(null, Object(Config\Cache), false)
 7 FCPATH\index.php(67): CodeIgniter\CodeIgniter->run()
CRITICAL - 2023-07-21 17:37:26 --> Undefined variable: base_url
in APPPATH\Views\unidades\unidades.php on line 7.
 1 APPPATH\Views\unidades\unidades.php(7): CodeIgniter\Debug\Exceptions->errorHandler(8, 'Undefined variable: base_url', 'C:\\xampp\\htdocs\\codeigniter4.3.6\\app\\Views\\unidades\\unidades.php', 7, [...])
 2 SYSTEMPATH\View\View.php(224): include('C:\\xampp\\htdocs\\codeigniter4.3.6\\app\\Views\\unidades\\unidades.php')
 3 SYSTEMPATH\View\View.php(227): CodeIgniter\View\View->CodeIgniter\View\{closure}()
 4 SYSTEMPATH\Common.php(1180): CodeIgniter\View\View->render('unidades/unidades', [], true)
 5 APPPATH\Controllers\Unidades.php(18): view('unidades/unidades', [...])
 6 SYSTEMPATH\CodeIgniter.php(932): App\Controllers\Unidades->index()
 7 SYSTEMPATH\CodeIgniter.php(497): CodeIgniter\CodeIgniter->runController(Object(App\Controllers\Unidades))
 8 SYSTEMPATH\CodeIgniter.php(366): CodeIgniter\CodeIgniter->handleRequest(null, Object(Config\Cache), false)
 9 FCPATH\index.php(67): CodeIgniter\CodeIgniter->run()
